2014-02-27 19:32:32,131 org.springframework.beans.factory.xml.XmlBeanDefinitionReader  - Loading XML bean definitions from URL [file:src/main/webapp/WEB-INF/mvc-dispatcher-servlet.xml]
2014-02-27 19:32:32,303 org.springframework.context.annotation.ClassPathBeanDefinitionScanner  - JSR-250 'javax.annotation.ManagedBean' found and supported for component scanning
2014-02-27 19:32:32,305 org.springframework.context.annotation.ClassPathBeanDefinitionScanner  - JSR-330 'javax.inject.Named' annotation found and supported for component scanning
2014-02-27 19:32:32,448 org.springframework.beans.factory.support.DefaultListableBeanFactory  - Overriding bean definition for bean 'authController': replacing [Generic bean: class [org.idla.lor.controllers.AuthController]; scope=singleton; abstract=false; lazyInit=false; autowireMode=0; dependencyCheck=0; autowireCandidate=true; primary=false; factoryBeanName=null; factoryMethodName=null; initMethodName=null; destroyMethodName=null; defined in file [/Users/deebanramalingam/IdeaProjects/LorBrowser/target/classes/org/idla/lor/controllers/AuthController.class]] with [Generic bean: class [org.idla.lor.controllers.AuthController]; scope=; abstract=false; lazyInit=false; autowireMode=0; dependencyCheck=0; autowireCandidate=true; primary=false; factoryBeanName=null; factoryMethodName=null; initMethodName=null; destroyMethodName=null; defined in URL [file:src/main/webapp/WEB-INF/mvc-dispatcher-servlet.xml]]
2014-02-27 19:32:32,451 org.springframework.beans.factory.support.DefaultListableBeanFactory  - Overriding bean definition for bean 's3Controller': replacing [Generic bean: class [org.idla.lor.controllers.S3Controller]; scope=singleton; abstract=false; lazyInit=false; autowireMode=0; dependencyCheck=0; autowireCandidate=true; primary=false; factoryBeanName=null; factoryMethodName=null; initMethodName=null; destroyMethodName=null; defined in file [/Users/deebanramalingam/IdeaProjects/LorBrowser/target/classes/org/idla/lor/controllers/S3Controller.class]] with [Generic bean: class [org.idla.lor.controllers.S3Controller]; scope=; abstract=false; lazyInit=false; autowireMode=0; dependencyCheck=0; autowireCandidate=true; primary=false; factoryBeanName=null; factoryMethodName=null; initMethodName=null; destroyMethodName=null; defined in URL [file:src/main/webapp/WEB-INF/mvc-dispatcher-servlet.xml]]
2014-02-27 19:32:32,453 org.springframework.beans.factory.support.DefaultListableBeanFactory  - Overriding bean definition for bean 'mailController': replacing [Generic bean: class [org.idla.lor.controllers.MailController]; scope=singleton; abstract=false; lazyInit=false; autowireMode=0; dependencyCheck=0; autowireCandidate=true; primary=false; factoryBeanName=null; factoryMethodName=null; initMethodName=null; destroyMethodName=null; defined in file [/Users/deebanramalingam/IdeaProjects/LorBrowser/target/classes/org/idla/lor/controllers/MailController.class]] with [Generic bean: class [org.idla.lor.controllers.MailController]; scope=; abstract=false; lazyInit=false; autowireMode=0; dependencyCheck=0; autowireCandidate=true; primary=false; factoryBeanName=null; factoryMethodName=null; initMethodName=null; destroyMethodName=null; defined in URL [file:src/main/webapp/WEB-INF/mvc-dispatcher-servlet.xml]]
2014-02-27 19:32:32,461 org.springframework.web.context.support.GenericWebApplicationContext  - Refreshing org.springframework.web.context.support.GenericWebApplicationContext@1dfe3aa4: startup date [Thu Feb 27 19:32:32 MST 2014]; root of context hierarchy
2014-02-27 19:32:32,634 org.springframework.context.support.PropertySourcesPlaceholderConfigurer  - Loading properties file from class path resource [app.properties]
2014-02-27 19:32:32,648 org.springframework.beans.factory.annotation.AutowiredAnnotationBeanPostProcessor  - JSR-330 'javax.inject.Inject' annotation found and supported for autowiring
2014-02-27 19:32:32,668 org.springframework.beans.factory.support.DefaultListableBeanFactory  - Pre-instantiating singletons in org.springframework.beans.factory.support.DefaultListableBeanFactory@311ae9b2: defining beans [authController,indexController,mailController,progressController,s3Controller,org.springframework.context.annotation.internalConfigurationAnnotationProcessor,org.springframework.context.annotation.internalAutowiredAnnotationProcessor,org.springframework.context.annotation.internalRequiredAnnotationProcessor,org.springframework.context.annotation.internalCommonAnnotationProcessor,org.springframework.context.support.PropertySourcesPlaceholderConfigurer#0,mvcContentNegotiationManager,org.springframework.web.servlet.mvc.method.annotation.RequestMappingHandlerMapping#0,org.springframework.format.support.FormattingConversionServiceFactoryBean#0,org.springframework.validation.beanvalidation.LocalValidatorFactoryBean#0,org.springframework.web.servlet.mvc.method.annotation.RequestMappingHandlerAdapter#0,org.springframework.web.servlet.handler.MappedInterceptor#0,org.springframework.web.servlet.mvc.method.annotation.ExceptionHandlerExceptionResolver#0,org.springframework.web.servlet.mvc.annotation.ResponseStatusExceptionResolver#0,org.springframework.web.servlet.mvc.support.DefaultHandlerExceptionResolver#0,org.springframework.web.servlet.handler.BeanNameUrlHandlerMapping,org.springframework.web.servlet.mvc.HttpRequestHandlerAdapter,org.springframework.web.servlet.mvc.SimpleControllerHandlerAdapter,org.springframework.web.servlet.resource.ResourceHttpRequestHandler#0,org.springframework.web.servlet.handler.SimpleUrlHandlerMapping#0,multipartResolver,org.springframework.web.servlet.mvc.annotation.AnnotationMethodHandlerAdapter#0,org.springframework.web.servlet.mvc.annotation.DefaultAnnotationHandlerMapping#0,org.springframework.web.servlet.mvc.annotation.AnnotationMethodHandlerAdapter#1,org.springframework.web.servlet.mvc.annotation.DefaultAnnotationHandlerMapping#1,viewResolver,org.springframework.context.annotation.ConfigurationClassPostProcessor.importAwareProcessor]; root of factory hierarchy
2014-02-27 19:32:32,834 org.springframework.web.servlet.mvc.method.annotation.RequestMappingHandlerMapping  - Mapped "{[/auth/login/{code}],methods=[GET],params=[],headers=[],consumes=[],produces=[application/json],custom=[]}" onto public java.lang.String org.idla.lor.controllers.AuthController.login(java.lang.String,javax.servlet.http.HttpServletRequest) throws java.security.GeneralSecurityException
2014-02-27 19:32:32,835 org.springframework.web.servlet.mvc.method.annotation.RequestMappingHandlerMapping  - Mapped "{[/auth/google],methods=[GET],params=[],headers=[],consumes=[],produces=[],custom=[]}" onto public java.lang.String org.idla.lor.controllers.AuthController.authGoogle()
2014-02-27 19:32:32,837 org.springframework.web.servlet.mvc.method.annotation.RequestMappingHandlerMapping  - Mapped "{[/],methods=[GET],params=[],headers=[],consumes=[],produces=[],custom=[]}" onto public java.lang.String org.idla.lor.controllers.IndexController.index(javax.servlet.http.HttpServletRequest)
2014-02-27 19:32:32,838 org.springframework.web.servlet.mvc.method.annotation.RequestMappingHandlerMapping  - Mapped "{[/mail/{recipient}/{key}],methods=[POST],params=[],headers=[],consumes=[],produces=[application/json],custom=[]}" onto public java.lang.String org.idla.lor.controllers.MailController.sendMail(java.lang.String,java.lang.String,java.lang.String,javax.servlet.http.HttpServletRequest) throws javax.mail.MessagingException,java.security.GeneralSecurityException
2014-02-27 19:32:32,840 org.springframework.web.servlet.mvc.method.annotation.RequestMappingHandlerMapping  - Mapped "{[/progress/{unique}],methods=[GET],params=[],headers=[],consumes=[],produces=[],custom=[]}" onto public java.lang.String org.idla.lor.controllers.ProgressController.progress(java.lang.String,javax.servlet.http.HttpServletRequest)
2014-02-27 19:32:32,844 org.springframework.web.servlet.mvc.method.annotation.RequestMappingHandlerMapping  - Mapped "{[/s3/children/{bucket}],methods=[GET],params=[],headers=[],consumes=[],produces=[application/json],custom=[]}" onto public java.lang.String org.idla.lor.controllers.S3Controller.append(java.lang.String,javax.servlet.http.HttpServletRequest)
2014-02-27 19:32:32,845 org.springframework.web.servlet.mvc.method.annotation.RequestMappingHandlerMapping  - Mapped "{[/s3/children/{bucket}/{prefix}],methods=[GET],params=[],headers=[],consumes=[],produces=[application/json],custom=[]}" onto public java.lang.String org.idla.lor.controllers.S3Controller.append(java.lang.String,java.lang.String,javax.servlet.http.HttpServletRequest)
2014-02-27 19:32:32,847 org.springframework.web.servlet.mvc.method.annotation.RequestMappingHandlerMapping  - Mapped "{[/s3/{bucket}],methods=[GET],params=[],headers=[],consumes=[],produces=[application/json],custom=[]}" onto public java.lang.String org.idla.lor.controllers.S3Controller.init(java.lang.String,javax.servlet.http.HttpServletRequest)
2014-02-27 19:32:32,848 org.springframework.web.servlet.mvc.method.annotation.RequestMappingHandlerMapping  - Mapped "{[/s3/{bucket}/{prefix}],methods=[GET],params=[],headers=[],consumes=[],produces=[application/json],custom=[]}" onto public java.lang.String org.idla.lor.controllers.S3Controller.init(java.lang.String,java.lang.String,javax.servlet.http.HttpServletRequest)
2014-02-27 19:32:32,849 org.springframework.web.servlet.mvc.method.annotation.RequestMappingHandlerMapping  - Mapped "{[/s3/upload/{code}/{bucket}/{prefix}/{checkOverwrites}],methods=[POST],params=[],headers=[],consumes=[],produces=[application/json],custom=[]}" onto public java.lang.String org.idla.lor.controllers.S3Controller.upload(java.lang.String,java.lang.String,java.lang.String,int,org.springframework.web.multipart.MultipartFile,javax.servlet.http.HttpServletRequest) throws java.io.IOException
2014-02-27 19:32:32,851 org.springframework.web.servlet.mvc.method.annotation.RequestMappingHandlerMapping  - Mapped "{[/s3/download/{code}/{bucket}/{prefix:.+}],methods=[GET],params=[],headers=[],consumes=[],produces=[],custom=[]}" onto public void org.idla.lor.controllers.S3Controller.download(java.lang.String,java.lang.String,java.lang.String,javax.servlet.http.HttpServletRequest,javax.servlet.http.HttpServletResponse) throws java.io.IOException
2014-02-27 19:32:32,871 org.springframework.beans.factory.support.DefaultListableBeanFactory  - Destroying singletons in org.springframework.beans.factory.support.DefaultListableBeanFactory@311ae9b2: defining beans [authController,indexController,mailController,progressController,s3Controller,org.springframework.context.annotation.internalConfigurationAnnotationProcessor,org.springframework.context.annotation.internalAutowiredAnnotationProcessor,org.springframework.context.annotation.internalRequiredAnnotationProcessor,org.springframework.context.annotation.internalCommonAnnotationProcessor,org.springframework.context.support.PropertySourcesPlaceholderConfigurer#0,mvcContentNegotiationManager,org.springframework.web.servlet.mvc.method.annotation.RequestMappingHandlerMapping#0,org.springframework.format.support.FormattingConversionServiceFactoryBean#0,org.springframework.validation.beanvalidation.LocalValidatorFactoryBean#0,org.springframework.web.servlet.mvc.method.annotation.RequestMappingHandlerAdapter#0,org.springframework.web.servlet.handler.MappedInterceptor#0,org.springframework.web.servlet.mvc.method.annotation.ExceptionHandlerExceptionResolver#0,org.springframework.web.servlet.mvc.annotation.ResponseStatusExceptionResolver#0,org.springframework.web.servlet.mvc.support.DefaultHandlerExceptionResolver#0,org.springframework.web.servlet.handler.BeanNameUrlHandlerMapping,org.springframework.web.servlet.mvc.HttpRequestHandlerAdapter,org.springframework.web.servlet.mvc.SimpleControllerHandlerAdapter,org.springframework.web.servlet.resource.ResourceHttpRequestHandler#0,org.springframework.web.servlet.handler.SimpleUrlHandlerMapping#0,multipartResolver,org.springframework.web.servlet.mvc.annotation.AnnotationMethodHandlerAdapter#0,org.springframework.web.servlet.mvc.annotation.DefaultAnnotationHandlerMapping#0,org.springframework.web.servlet.mvc.annotation.AnnotationMethodHandlerAdapter#1,org.springframework.web.servlet.mvc.annotation.DefaultAnnotationHandlerMapping#1,viewResolver,org.springframework.context.annotation.ConfigurationClassPostProcessor.importAwareProcessor]; root of factory hierarchy
2014-02-27 19:32:32,876 org.springframework.test.context.TestContextManager  - Caught exception while allowing TestExecutionListener [org.springframework.test.context.web.ServletTestExecutionListener@66cc5148] to prepare test instance [org.idla.lor.AppTests@6fec82b1]
java.lang.IllegalStateException: Failed to load ApplicationContext
	at org.springframework.test.context.TestContext.getApplicationContext(TestContext.java:157)
	at org.springframework.test.context.web.ServletTestExecutionListener.setUpRequestContextIfNecessary(ServletTestExecutionListener.java:103)
	at org.springframework.test.context.web.ServletTestExecutionListener.prepareTestInstance(ServletTestExecutionListener.java:73)
	at org.springframework.test.context.TestContextManager.prepareTestInstance(TestContextManager.java:313)
	at org.springframework.test.context.junit4.SpringJUnit4ClassRunner.createTest(SpringJUnit4ClassRunner.java:211)
	at org.springframework.test.context.junit4.SpringJUnit4ClassRunner$1.runReflectiveCall(SpringJUnit4ClassRunner.java:288)
	at org.junit.internal.runners.model.ReflectiveCallable.run(ReflectiveCallable.java:15)
	at org.springframework.test.context.junit4.SpringJUnit4ClassRunner.methodBlock(SpringJUnit4ClassRunner.java:284)
	at org.springframework.test.context.junit4.SpringJUnit4ClassRunner.runChild(SpringJUnit4ClassRunner.java:231)
	at org.springframework.test.context.junit4.SpringJUnit4ClassRunner.runChild(SpringJUnit4ClassRunner.java:88)
	at org.junit.runners.ParentRunner$3.run(ParentRunner.java:193)
	at org.junit.runners.ParentRunner$1.schedule(ParentRunner.java:52)
	at org.junit.runners.ParentRunner.runChildren(ParentRunner.java:191)
	at org.junit.runners.ParentRunner.access$000(ParentRunner.java:42)
	at org.junit.runners.ParentRunner$2.evaluate(ParentRunner.java:184)
	at org.springframework.test.context.junit4.statements.RunBeforeTestClassCallbacks.evaluate(RunBeforeTestClassCallbacks.java:61)
	at org.springframework.test.context.junit4.statements.RunAfterTestClassCallbacks.evaluate(RunAfterTestClassCallbacks.java:71)
	at org.junit.runners.ParentRunner.run(ParentRunner.java:236)
	at org.springframework.test.context.junit4.SpringJUnit4ClassRunner.run(SpringJUnit4ClassRunner.java:174)
	at org.junit.runner.JUnitCore.run(JUnitCore.java:157)
	at com.intellij.junit4.JUnit4IdeaTestRunner.startRunnerWithArgs(JUnit4IdeaTestRunner.java:74)
	at com.intellij.rt.execution.junit.JUnitStarter.prepareStreamsAndStart(JUnitStarter.java:202)
	at com.intellij.rt.execution.junit.JUnitStarter.main(JUnitStarter.java:65)
	at sun.reflect.NativeMethodAccessorImpl.invoke0(Native Method)
	at sun.reflect.NativeMethodAccessorImpl.invoke(NativeMethodAccessorImpl.java:57)
	at sun.reflect.DelegatingMethodAccessorImpl.invoke(DelegatingMethodAccessorImpl.java:43)
	at java.lang.reflect.Method.invoke(Method.java:606)
	at com.intellij.rt.execution.application.AppMain.main(AppMain.java:120)
Caused by: org.springframework.beans.factory.BeanCreationException: Error creating bean with name 'org.springframework.validation.beanvalidation.LocalValidatorFactoryBean#0': Invocation of init method failed; nested exception is javax.validation.ValidationException: Unable to create a Configuration, because no Bean Validation provider could be found. Add a provider like Hibernate Validator (RI) to your classpath.
	at org.springframework.beans.factory.support.AbstractAutowireCapableBeanFactory.initializeBean(AbstractAutowireCapableBeanFactory.java:1486)
	at org.springframework.beans.factory.support.AbstractAutowireCapableBeanFactory.doCreateBean(AbstractAutowireCapableBeanFactory.java:524)
	at org.springframework.beans.factory.support.AbstractAutowireCapableBeanFactory.createBean(AbstractAutowireCapableBeanFactory.java:461)
	at org.springframework.beans.factory.support.AbstractBeanFactory$1.getObject(AbstractBeanFactory.java:295)
	at org.springframework.beans.factory.support.DefaultSingletonBeanRegistry.getSingleton(DefaultSingletonBeanRegistry.java:223)
	at org.springframework.beans.factory.support.AbstractBeanFactory.doGetBean(AbstractBeanFactory.java:292)
	at org.springframework.beans.factory.support.AbstractBeanFactory.getBean(AbstractBeanFactory.java:194)
	at org.springframework.beans.factory.support.DefaultListableBeanFactory.preInstantiateSingletons(DefaultListableBeanFactory.java:607)
	at org.springframework.context.support.AbstractApplicationContext.finishBeanFactoryInitialization(AbstractApplicationContext.java:932)
	at org.springframework.context.support.AbstractApplicationContext.refresh(AbstractApplicationContext.java:479)
	at org.springframework.test.context.web.AbstractGenericWebContextLoader.loadContext(AbstractGenericWebContextLoader.java:116)
	at org.springframework.test.context.web.AbstractGenericWebContextLoader.loadContext(AbstractGenericWebContextLoader.java:59)
	at org.springframework.test.context.support.AbstractDelegatingSmartContextLoader.delegateLoading(AbstractDelegatingSmartContextLoader.java:100)
	at org.springframework.test.context.support.AbstractDelegatingSmartContextLoader.loadContext(AbstractDelegatingSmartContextLoader.java:248)
	at org.springframework.test.context.TestContext.loadApplicationContext(TestContext.java:124)
	at org.springframework.test.context.TestContext.getApplicationContext(TestContext.java:148)
	... 27 more
Caused by: javax.validation.ValidationException: Unable to create a Configuration, because no Bean Validation provider could be found. Add a provider like Hibernate Validator (RI) to your classpath.
	at javax.validation.Validation$GenericBootstrapImpl.configure(Validation.java:271)
	at org.springframework.validation.beanvalidation.LocalValidatorFactoryBean.afterPropertiesSet(LocalValidatorFactoryBean.java:182)
	at org.springframework.beans.factory.support.AbstractAutowireCapableBeanFactory.invokeInitMethods(AbstractAutowireCapableBeanFactory.java:1545)
	at org.springframework.beans.factory.support.AbstractAutowireCapableBeanFactory.initializeBean(AbstractAutowireCapableBeanFactory.java:1483)
	... 42 more
